<?xml version="1.0" encoding="UTF-8"?>
<!-- Generated by org.testng.reporters.JUnitXMLReporter -->
<testsuite hostname="LAPTOP-GRCUBFH1" ignored="0" name="test" tests="3" failures="1" timestamp="27 Nov 2018 00:08:16 GMT" time="5.243" errors="0">
  <testcase name="launchApp" time="0.008" classname="citigroup.nbs.Sample">
    <failure type="java.lang.NullPointerException">
      <![CDATA[java.lang.NullPointerException
at citigroup.nbs.Sample.launchApp(Sample.java:18)
... Removed 25 stack frames]]>
    </failure>
  </testcase> <!-- launchApp -->
  <testcase name="setup" time="4.404" classname="citigroup.nbs.Sample"/>
  <testcase name="tearDown" time="0.796" classname="citigroup.nbs.Sample"/>
</testsuite> <!-- test -->
