<?xml version="1.0" encoding="UTF-8"?>
<testng-results skipped="0" failed="0" ignored="0" total="1" passed="1">
  <reporter-output>
  </reporter-output>
  <suite name="Default suite" duration-ms="11887" started-at="2018-11-27T00:09:35Z" finished-at="2018-11-27T00:09:47Z">
    <groups>
    </groups>
    <test name="Default test" duration-ms="11887" started-at="2018-11-27T00:09:35Z" finished-at="2018-11-27T00:09:47Z">
      <class name="citigroup.nbs.Sample">
        <test-method status="PASS" signature="setup()[pri:0, instance:citigroup.nbs.Sample@59f99ea]" name="setup" is-config="true" duration-ms="3920" started-at="2018-11-27T00:09:35Z" finished-at="2018-11-27T00:09:39Z">
          <reporter-output>
          </reporter-output>
        </test-method> <!-- setup -->
        <test-method status="PASS" signature="launchApp()[pri:0, instance:citigroup.nbs.Sample@59f99ea]" name="launchApp" duration-ms="5102" started-at="2018-11-27T00:09:39Z" finished-at="2018-11-27T00:09:44Z">
          <reporter-output>
          </reporter-output>
        </test-method> <!-- launchApp -->
        <test-method status="PASS" signature="tearDown()[pri:0, instance:citigroup.nbs.Sample@59f99ea]" name="tearDown" is-config="true" duration-ms="2842" started-at="2018-11-27T00:09:44Z" finished-at="2018-11-27T00:09:47Z">
          <reporter-output>
          </reporter-output>
        </test-method> <!-- tearDown -->
      </class> <!-- citigroup.nbs.Sample -->
    </test> <!-- Default test -->
  </suite> <!-- Default suite -->
</testng-results>
